2025-12-20 08:06:53,634 - {'optimizer': {'name': 'adam', 'lr': 0.001, 'weight_decay': 0}, 'train': {'epoch': 50, 'batch_size': 512, 'save_model': True, 'log_loss': False, 'test_step': 1, 'reproducible': True, 'seed': 2023, 'early_stop': False}, 'test': {'metrics': ['mrr', 'ndcg'], 'k': [5, 10, 20], 'batch_size': 512}, 'data': {'type': 'sequential', 'name': 'ml-20m', 'seq_aug': True, 'dir': './datasets/sequential/ml-20m_seq/', 'user_num': 96726, 'item_num': 10154}, 'model': {'name': 'mgrec', 'dropout_rate': 0.1, 'graph_dropout_prob': 0.3, 'n_layers': 2, 'embedding_size': 64, 'n_heads': 2, 'max_seq_len': 50, 'cl_lambda': 0.0001, 'cl_temp': 0.8, 'weight_mean': 0.4, 'sim_group_k': 4, 'kl_weight': 0.01}, 'tune': {'enable': False, 'hyperparameters': ['cl_lambda', 'weight_mean'], 'cl_lambda': [0.0001, 0.001, 0.01], 'weight_mean': [0.4, 0.5, 0.6]}, 'device': 'cuda'}
2025-12-20 08:09:42,283 - Epoch   0 Test set [mrr@5: 0.0574 mrr@10: 0.0652 mrr@20: 0.0710 ] Test set [ndcg@5: 0.0689 ndcg@10: 0.0881 ndcg@20: 0.1094 ] 
2025-12-20 08:12:29,529 - Epoch   1 Test set [mrr@5: 0.0662 mrr@10: 0.0748 mrr@20: 0.0810 ] Test set [ndcg@5: 0.0794 ndcg@10: 0.1004 ndcg@20: 0.1233 ] 
2025-12-20 08:15:16,250 - Epoch   2 Test set [mrr@5: 0.0721 mrr@10: 0.0810 mrr@20: 0.0874 ] Test set [ndcg@5: 0.0862 ndcg@10: 0.1080 ndcg@20: 0.1315 ] 
2025-12-20 08:18:03,535 - Epoch   3 Test set [mrr@5: 0.0756 mrr@10: 0.0848 mrr@20: 0.0914 ] Test set [ndcg@5: 0.0904 ndcg@10: 0.1127 ndcg@20: 0.1369 ] 
2025-12-20 08:20:50,943 - Epoch   4 Test set [mrr@5: 0.0779 mrr@10: 0.0873 mrr@20: 0.0938 ] Test set [ndcg@5: 0.0929 ndcg@10: 0.1159 ndcg@20: 0.1399 ] 
2025-12-20 08:23:35,270 - Epoch   5 Test set [mrr@5: 0.0805 mrr@10: 0.0899 mrr@20: 0.0964 ] Test set [ndcg@5: 0.0959 ndcg@10: 0.1188 ndcg@20: 0.1428 ] 
2025-12-20 08:26:21,969 - Epoch   6 Test set [mrr@5: 0.0809 mrr@10: 0.0902 mrr@20: 0.0969 ] Test set [ndcg@5: 0.0966 ndcg@10: 0.1194 ndcg@20: 0.1439 ] 
2025-12-20 08:29:09,404 - Epoch   7 Test set [mrr@5: 0.0818 mrr@10: 0.0914 mrr@20: 0.0980 ] Test set [ndcg@5: 0.0974 ndcg@10: 0.1207 ndcg@20: 0.1452 ] 
2025-12-20 08:31:54,186 - Epoch   8 Test set [mrr@5: 0.0830 mrr@10: 0.0926 mrr@20: 0.0990 ] Test set [ndcg@5: 0.0988 ndcg@10: 0.1223 ndcg@20: 0.1461 ] 
2025-12-20 08:34:39,479 - Epoch   9 Test set [mrr@5: 0.0840 mrr@10: 0.0936 mrr@20: 0.1002 ] Test set [ndcg@5: 0.1002 ndcg@10: 0.1236 ndcg@20: 0.1477 ] 
2025-12-20 08:37:23,778 - Epoch  10 Test set [mrr@5: 0.0840 mrr@10: 0.0938 mrr@20: 0.1004 ] Test set [ndcg@5: 0.0999 ndcg@10: 0.1238 ndcg@20: 0.1481 ] 
2025-12-20 08:40:10,877 - Epoch  11 Test set [mrr@5: 0.0858 mrr@10: 0.0956 mrr@20: 0.1022 ] Test set [ndcg@5: 0.1017 ndcg@10: 0.1255 ndcg@20: 0.1498 ] 
2025-12-20 08:42:58,047 - Epoch  12 Test set [mrr@5: 0.0849 mrr@10: 0.0944 mrr@20: 0.1012 ] Test set [ndcg@5: 0.1009 ndcg@10: 0.1243 ndcg@20: 0.1491 ] 
2025-12-20 08:45:43,692 - Epoch  13 Test set [mrr@5: 0.0858 mrr@10: 0.0956 mrr@20: 0.1023 ] Test set [ndcg@5: 0.1018 ndcg@10: 0.1257 ndcg@20: 0.1501 ] 
2025-12-20 08:48:30,375 - Epoch  14 Test set [mrr@5: 0.0855 mrr@10: 0.0951 mrr@20: 0.1017 ] Test set [ndcg@5: 0.1015 ndcg@10: 0.1250 ndcg@20: 0.1492 ] 
2025-12-20 08:51:15,131 - Epoch  15 Test set [mrr@5: 0.0875 mrr@10: 0.0972 mrr@20: 0.1039 ] Test set [ndcg@5: 0.1037 ndcg@10: 0.1275 ndcg@20: 0.1518 ] 
2025-12-20 08:54:00,000 - Epoch  16 Test set [mrr@5: 0.0873 mrr@10: 0.0971 mrr@20: 0.1037 ] Test set [ndcg@5: 0.1035 ndcg@10: 0.1274 ndcg@20: 0.1519 ] 
2025-12-20 08:56:45,033 - Epoch  17 Test set [mrr@5: 0.0877 mrr@10: 0.0975 mrr@20: 0.1042 ] Test set [ndcg@5: 0.1039 ndcg@10: 0.1279 ndcg@20: 0.1523 ] 
2025-12-20 08:59:31,698 - Epoch  18 Test set [mrr@5: 0.0876 mrr@10: 0.0973 mrr@20: 0.1040 ] Test set [ndcg@5: 0.1041 ndcg@10: 0.1279 ndcg@20: 0.1523 ] 
2025-12-20 09:02:18,012 - Epoch  19 Test set [mrr@5: 0.0871 mrr@10: 0.0968 mrr@20: 0.1035 ] Test set [ndcg@5: 0.1035 ndcg@10: 0.1271 ndcg@20: 0.1518 ] 
2025-12-20 09:05:03,243 - Epoch  20 Test set [mrr@5: 0.0883 mrr@10: 0.0981 mrr@20: 0.1048 ] Test set [ndcg@5: 0.1048 ndcg@10: 0.1288 ndcg@20: 0.1533 ] 
2025-12-20 09:07:47,634 - Epoch  21 Test set [mrr@5: 0.0884 mrr@10: 0.0982 mrr@20: 0.1048 ] Test set [ndcg@5: 0.1047 ndcg@10: 0.1287 ndcg@20: 0.1530 ] 
2025-12-20 09:10:32,892 - Epoch  22 Test set [mrr@5: 0.0878 mrr@10: 0.0977 mrr@20: 0.1044 ] Test set [ndcg@5: 0.1041 ndcg@10: 0.1283 ndcg@20: 0.1529 ] 
2025-12-20 09:13:19,290 - Epoch  23 Test set [mrr@5: 0.0891 mrr@10: 0.0989 mrr@20: 0.1055 ] Test set [ndcg@5: 0.1056 ndcg@10: 0.1294 ndcg@20: 0.1538 ] 
2025-12-20 09:16:04,307 - Epoch  24 Test set [mrr@5: 0.0894 mrr@10: 0.0990 mrr@20: 0.1057 ] Test set [ndcg@5: 0.1058 ndcg@10: 0.1294 ndcg@20: 0.1539 ] 
2025-12-20 09:18:49,090 - Epoch  25 Test set [mrr@5: 0.0887 mrr@10: 0.0985 mrr@20: 0.1052 ] Test set [ndcg@5: 0.1051 ndcg@10: 0.1290 ndcg@20: 0.1536 ] 
2025-12-20 09:21:33,385 - Epoch  26 Test set [mrr@5: 0.0889 mrr@10: 0.0985 mrr@20: 0.1053 ] Test set [ndcg@5: 0.1053 ndcg@10: 0.1287 ndcg@20: 0.1538 ] 
2025-12-20 09:24:23,351 - Epoch  27 Test set [mrr@5: 0.0895 mrr@10: 0.0994 mrr@20: 0.1061 ] Test set [ndcg@5: 0.1061 ndcg@10: 0.1305 ndcg@20: 0.1549 ] 
2025-12-20 09:27:10,756 - Epoch  28 Test set [mrr@5: 0.0895 mrr@10: 0.0994 mrr@20: 0.1061 ] Test set [ndcg@5: 0.1060 ndcg@10: 0.1300 ndcg@20: 0.1547 ] 
2025-12-20 09:29:58,976 - Epoch  29 Test set [mrr@5: 0.0888 mrr@10: 0.0987 mrr@20: 0.1054 ] Test set [ndcg@5: 0.1049 ndcg@10: 0.1290 ndcg@20: 0.1538 ] 
2025-12-20 09:32:44,446 - Epoch  30 Test set [mrr@5: 0.0896 mrr@10: 0.0993 mrr@20: 0.1060 ] Test set [ndcg@5: 0.1063 ndcg@10: 0.1300 ndcg@20: 0.1547 ] 
2025-12-20 09:35:28,782 - Epoch  31 Test set [mrr@5: 0.0892 mrr@10: 0.0992 mrr@20: 0.1058 ] Test set [ndcg@5: 0.1058 ndcg@10: 0.1301 ndcg@20: 0.1547 ] 
2025-12-20 09:38:15,313 - Epoch  32 Test set [mrr@5: 0.0884 mrr@10: 0.0982 mrr@20: 0.1051 ] Test set [ndcg@5: 0.1051 ndcg@10: 0.1291 ndcg@20: 0.1542 ] 
2025-12-20 09:41:00,756 - Epoch  33 Test set [mrr@5: 0.0889 mrr@10: 0.0988 mrr@20: 0.1055 ] Test set [ndcg@5: 0.1053 ndcg@10: 0.1294 ndcg@20: 0.1538 ] 
2025-12-20 09:43:44,864 - Epoch  34 Test set [mrr@5: 0.0896 mrr@10: 0.0995 mrr@20: 0.1063 ] Test set [ndcg@5: 0.1061 ndcg@10: 0.1302 ndcg@20: 0.1550 ] 
2025-12-20 09:46:31,165 - Epoch  35 Test set [mrr@5: 0.0894 mrr@10: 0.0991 mrr@20: 0.1059 ] Test set [ndcg@5: 0.1059 ndcg@10: 0.1296 ndcg@20: 0.1542 ] 
2025-12-20 09:49:16,138 - Epoch  36 Test set [mrr@5: 0.0890 mrr@10: 0.0988 mrr@20: 0.1054 ] Test set [ndcg@5: 0.1053 ndcg@10: 0.1293 ndcg@20: 0.1536 ] 
2025-12-20 09:52:01,478 - Epoch  37 Test set [mrr@5: 0.0887 mrr@10: 0.0987 mrr@20: 0.1053 ] Test set [ndcg@5: 0.1050 ndcg@10: 0.1294 ndcg@20: 0.1539 ] 
2025-12-20 09:54:46,822 - Epoch  38 Test set [mrr@5: 0.0890 mrr@10: 0.0989 mrr@20: 0.1057 ] Test set [ndcg@5: 0.1056 ndcg@10: 0.1298 ndcg@20: 0.1546 ] 
2025-12-20 09:57:31,315 - Epoch  39 Test set [mrr@5: 0.0900 mrr@10: 0.0999 mrr@20: 0.1067 ] Test set [ndcg@5: 0.1066 ndcg@10: 0.1307 ndcg@20: 0.1556 ] 
2025-12-20 10:00:16,551 - Epoch  40 Test set [mrr@5: 0.0898 mrr@10: 0.0995 mrr@20: 0.1062 ] Test set [ndcg@5: 0.1062 ndcg@10: 0.1298 ndcg@20: 0.1545 ] 
2025-12-20 10:03:03,257 - Epoch  41 Test set [mrr@5: 0.0889 mrr@10: 0.0986 mrr@20: 0.1054 ] Test set [ndcg@5: 0.1053 ndcg@10: 0.1291 ndcg@20: 0.1539 ] 
2025-12-20 10:05:48,470 - Epoch  42 Test set [mrr@5: 0.0907 mrr@10: 0.1007 mrr@20: 0.1073 ] Test set [ndcg@5: 0.1072 ndcg@10: 0.1314 ndcg@20: 0.1556 ] 
2025-12-20 10:08:33,409 - Epoch  43 Test set [mrr@5: 0.0906 mrr@10: 0.1003 mrr@20: 0.1070 ] Test set [ndcg@5: 0.1074 ndcg@10: 0.1311 ndcg@20: 0.1556 ] 
2025-12-20 10:11:17,690 - Epoch  44 Test set [mrr@5: 0.0908 mrr@10: 0.1007 mrr@20: 0.1074 ] Test set [ndcg@5: 0.1074 ndcg@10: 0.1315 ndcg@20: 0.1561 ] 
2025-12-20 10:14:02,792 - Epoch  45 Test set [mrr@5: 0.0902 mrr@10: 0.1000 mrr@20: 0.1066 ] Test set [ndcg@5: 0.1068 ndcg@10: 0.1307 ndcg@20: 0.1549 ] 
2025-12-20 10:16:47,929 - Epoch  46 Test set [mrr@5: 0.0895 mrr@10: 0.0994 mrr@20: 0.1061 ] Test set [ndcg@5: 0.1062 ndcg@10: 0.1304 ndcg@20: 0.1550 ] 
2025-12-20 10:19:32,318 - Epoch  47 Test set [mrr@5: 0.0903 mrr@10: 0.1001 mrr@20: 0.1068 ] Test set [ndcg@5: 0.1069 ndcg@10: 0.1307 ndcg@20: 0.1555 ] 
2025-12-20 10:22:17,589 - Epoch  48 Test set [mrr@5: 0.0902 mrr@10: 0.1002 mrr@20: 0.1070 ] Test set [ndcg@5: 0.1069 ndcg@10: 0.1314 ndcg@20: 0.1562 ] 
2025-12-20 10:25:02,591 - Epoch  49 Test set [mrr@5: 0.0906 mrr@10: 0.1005 mrr@20: 0.1072 ] Test set [ndcg@5: 0.1074 ndcg@10: 0.1315 ndcg@20: 0.1560 ] 
2025-12-20 10:25:18,896 - Test set [mrr@5: 0.0906 mrr@10: 0.1005 mrr@20: 0.1072 ] Test set [ndcg@5: 0.1074 ndcg@10: 0.1315 ndcg@20: 0.1560 ] 
2025-12-20 10:25:18,906 - Save model parameters to ./checkpoint/mgrec/mgrec-1766226318.pth
2025-12-20 10:25:35,190 - Test set [mrr@5: 0.0906 mrr@10: 0.1005 mrr@20: 0.1072 ] Test set [ndcg@5: 0.1074 ndcg@10: 0.1315 ndcg@20: 0.1560 ] 
