2025-12-27 17:58:51,949 - {'optimizer': {'name': 'adam', 'lr': 0.001, 'weight_decay': 0}, 'train': {'epoch': 150, 'batch_size': 512, 'save_model': True, 'log_loss': False, 'test_step': 1, 'reproducible': True, 'seed': 2023, 'early_stop': True, 'patience': 20}, 'test': {'metrics': ['mrr', 'ndcg'], 'k': [5, 10, 20], 'batch_size': 512}, 'data': {'type': 'sequential', 'name': 'music', 'seq_aug': True, 'dir': './datasets/sequential/music_seq/', 'user_num': 71275, 'item_num': 73371}, 'model': {'name': 'mgrec', 'dropout_rate': 0.1, 'graph_dropout_prob': 0.3, 'n_layers': 2, 'embedding_size': 64, 'n_heads': 2, 'max_seq_len': 50, 'cl_lambda': 0.0001, 'cl_temp': 0.8, 'weight_mean': 0.4, 'sim_group_k': 4, 'kl_weight': 0.01}, 'tune': {'enable': False, 'hyperparameters': ['cl_lambda', 'weight_mean'], 'cl_lambda': [0.0001, 0.001, 0.01], 'weight_mean': [0.4, 0.5, 0.6]}, 'bre': {'bre_model_name': 'bert-base-uncased', 'bre_max_len': 256, 'out_dim': 64, 'dropout': 0.2, 'bre_freeze_bert': True, 'bre_pooling': 'mean', 'bre_normalize': True}, 'device': 'cuda'}
2025-12-27 17:58:55,046 - 'Tensor' object has no attribute 'cLEMp'
Traceback (most recent call last):
  File "/workspace/MGRec/trainer/utils.py", line 15, in wrapper
    return func(*args, **kwargs)
           ^^^^^^^^^^^^^^^^^^^^^
  File "/workspace/MGRec/trainer/trainer.py", line 109, in train
    self.train_epoch(model, epoch_idx)
  File "/workspace/MGRec/trainer/trainer.py", line 65, in train_epoch
    loss, loss_dict = model.cal_loss(batch_data)
                      ^^^^^^^^^^^^^^^^^^^^^^^^^^
  File "/workspace/MGRec/models/sequential/mgrec.py", line 287, in cal_loss
    review_emb = self.bre(batch_reviews, self.device)
                 ^^^^^^^^^^^^^^^^^^^^^^^^^^^^^^^^^^^^
  File "/venv/myenv/lib/python3.11/site-packages/torch/nn/modules/module.py", line 1553, in _wrapped_call_impl
    return self._call_impl(*args, **kwargs)
           ^^^^^^^^^^^^^^^^^^^^^^^^^^^^^^^^
  File "/venv/myenv/lib/python3.11/site-packages/torch/nn/modules/module.py", line 1562, in _call_impl
    return forward_call(*args, **kwargs)
           ^^^^^^^^^^^^^^^^^^^^^^^^^^^^^
  File "/workspace/MGRec/models/sequential/mgrec.py", line 145, in forward
    emb = self._pool(last_hidden, attn_mask)  # [B, H]
          ^^^^^^^^^^^^^^^^^^^^^^^^^^^^^^^^^^
  File "/workspace/MGRec/models/sequential/mgrec.py", line 120, in _pool
    counts = mask.sum(dim=1).cLEMp(min=1.0)  # [B, 1]
             ^^^^^^^^^^^^^^^^^^^^^
AttributeError: 'Tensor' object has no attribute 'cLEMp'
