2025-12-29 17:57:59,692 - {'optimizer': {'name': 'adam', 'lr': 0.001, 'weight_decay': 0}, 'train': {'epoch': 150, 'batch_size': 512, 'save_model': True, 'log_loss': False, 'test_step': 1, 'reproducible': True, 'seed': 2023, 'early_stop': True, 'patience': 20}, 'test': {'metrics': ['mrr', 'ndcg'], 'k': [5, 10, 20], 'batch_size': 512}, 'data': {'type': 'sequential', 'name': 'music', 'seq_aug': True, 'dir': './datasets/sequential/music_seq/', 'user_num': 71275, 'item_num': 73371}, 'model': {'name': 'mgrec', 'dropout_rate': 0.1, 'graph_dropout_prob': 0.3, 'n_layers': 2, 'embedding_size': 64, 'n_heads': 2, 'max_seq_len': 50, 'cl_lambda': 0.0001, 'cl_temp': 0.8, 'weight_mean': 0.4, 'sim_group_k': 4, 'kl_weight': 0.01}, 'tune': {'enable': False, 'hyperparameters': ['cl_lambda', 'weight_mean'], 'cl_lambda': [0.0001, 0.001, 0.01], 'weight_mean': [0.4, 0.5, 0.6]}, 'bre': {'bre_model_name': 'bert-base-uncased', 'bre_max_len': 2, 'out_dim': 64, 'dropout': 0.2, 'bre_freeze_bert': True, 'bre_pooling': 'mean', 'bre_normalize': True}, 'device': 'cuda'}
2025-12-29 17:58:00,122 - Caught RuntimeError in DataLoader worker process 0.
Original Traceback (most recent call last):
  File "/venv/myenv/lib/python3.11/site-packages/torch/utils/data/_utils/worker.py", line 309, in _worker_loop
    data = fetcher.fetch(index)  # type: ignore[possibly-undefined]
           ^^^^^^^^^^^^^^^^^^^^
  File "/venv/myenv/lib/python3.11/site-packages/torch/utils/data/_utils/fetch.py", line 55, in fetch
    return self.collate_fn(data)
           ^^^^^^^^^^^^^^^^^^^^^
  File "/venv/myenv/lib/python3.11/site-packages/torch/utils/data/_utils/collate.py", line 317, in default_collate
    return collate(batch, collate_fn_map=default_collate_fn_map)
           ^^^^^^^^^^^^^^^^^^^^^^^^^^^^^^^^^^^^^^^^^^^^^^^^^^^^^
  File "/venv/myenv/lib/python3.11/site-packages/torch/utils/data/_utils/collate.py", line 174, in collate
    return [collate(samples, collate_fn_map=collate_fn_map) for samples in transposed]  # Backwards compatibility.
           ^^^^^^^^^^^^^^^^^^^^^^^^^^^^^^^^^^^^^^^^^^^^^^^^^^^^^^^^^^^^^^^^^^^^^^^^^^^
  File "/venv/myenv/lib/python3.11/site-packages/torch/utils/data/_utils/collate.py", line 174, in <listcomp>
    return [collate(samples, collate_fn_map=collate_fn_map) for samples in transposed]  # Backwards compatibility.
            ^^^^^^^^^^^^^^^^^^^^^^^^^^^^^^^^^^^^^^^^^^^^^^^
  File "/venv/myenv/lib/python3.11/site-packages/torch/utils/data/_utils/collate.py", line 170, in collate
    raise RuntimeError('each element in list of batch should be of equal size')
RuntimeError: each element in list of batch should be of equal size
Traceback (most recent call last):
  File "/workspace/MGRec/trainer/utils.py", line 15, in wrapper
    return func(*args, **kwargs)
           ^^^^^^^^^^^^^^^^^^^^^
  File "/workspace/MGRec/trainer/trainer.py", line 109, in train
    self.train_epoch(model, epoch_idx)
  File "/workspace/MGRec/trainer/trainer.py", line 62, in train_epoch
    for _, tem in tqdm(enumerate(train_dataloader), desc='Training Recommender', total=len(train_dataloader)):
  File "/venv/myenv/lib/python3.11/site-packages/tqdm/std.py", line 1181, in __iter__
    for obj in iterable:
  File "/venv/myenv/lib/python3.11/site-packages/torch/utils/data/dataloader.py", line 630, in __next__
    data = self._next_data()
           ^^^^^^^^^^^^^^^^^
  File "/venv/myenv/lib/python3.11/site-packages/torch/utils/data/dataloader.py", line 1344, in _next_data
    return self._process_data(data)
           ^^^^^^^^^^^^^^^^^^^^^^^^
  File "/venv/myenv/lib/python3.11/site-packages/torch/utils/data/dataloader.py", line 1370, in _process_data
    data.reraise()
  File "/venv/myenv/lib/python3.11/site-packages/torch/_utils.py", line 706, in reraise
    raise exception
RuntimeError: Caught RuntimeError in DataLoader worker process 0.
Original Traceback (most recent call last):
  File "/venv/myenv/lib/python3.11/site-packages/torch/utils/data/_utils/worker.py", line 309, in _worker_loop
    data = fetcher.fetch(index)  # type: ignore[possibly-undefined]
           ^^^^^^^^^^^^^^^^^^^^
  File "/venv/myenv/lib/python3.11/site-packages/torch/utils/data/_utils/fetch.py", line 55, in fetch
    return self.collate_fn(data)
           ^^^^^^^^^^^^^^^^^^^^^
  File "/venv/myenv/lib/python3.11/site-packages/torch/utils/data/_utils/collate.py", line 317, in default_collate
    return collate(batch, collate_fn_map=default_collate_fn_map)
           ^^^^^^^^^^^^^^^^^^^^^^^^^^^^^^^^^^^^^^^^^^^^^^^^^^^^^
  File "/venv/myenv/lib/python3.11/site-packages/torch/utils/data/_utils/collate.py", line 174, in collate
    return [collate(samples, collate_fn_map=collate_fn_map) for samples in transposed]  # Backwards compatibility.
           ^^^^^^^^^^^^^^^^^^^^^^^^^^^^^^^^^^^^^^^^^^^^^^^^^^^^^^^^^^^^^^^^^^^^^^^^^^^
  File "/venv/myenv/lib/python3.11/site-packages/torch/utils/data/_utils/collate.py", line 174, in <listcomp>
    return [collate(samples, collate_fn_map=collate_fn_map) for samples in transposed]  # Backwards compatibility.
            ^^^^^^^^^^^^^^^^^^^^^^^^^^^^^^^^^^^^^^^^^^^^^^^
  File "/venv/myenv/lib/python3.11/site-packages/torch/utils/data/_utils/collate.py", line 170, in collate
    raise RuntimeError('each element in list of batch should be of equal size')
RuntimeError: each element in list of batch should be of equal size

